$ ./run_supplement.sh "/g/QQMusic/Decrypted/VipSongsDownload"
============================================================
   专辑元数据补充工具
============================================================

本工具将为 FLAC 文件添加：
   1. 专辑封面（嵌入文件 + 保存为 cover.jpg）
   2. 发行年份（从 API 获取并写入 DATE 字段）

使用方法：
   1. Git Bash 中双击：使用默认目录
   2. 拖动目录到脚本上：处理拖动的目录
   3. 修改脚本中的 DEFAULT_INPUT_DIR 变量

============================================================

处理拖动的目录: /g/QQMusic/Decrypted/VipSongsDownload

开始处理...

处理专辑目录: G:/QQMusic/Decrypted/VipSongsDownload
2026-01-30 12:55:24,522 - INFO - 找到 575 个 FLAC 文件
2026-01-30 12:55:24,523 - INFO - 专辑信息: ['中央芭蕾舞团管弦乐队'] - ['']
2026-01-30 12:55:24,523 - INFO - 查询 API 获取专辑信息...
2026-01-30 12:55:24,897 - WARNING - 未找到 albummid
2026-01-30 12:55:24,898 - WARNING - 年份和封面处理将被跳过，但音轨号仍然会处理
2026-01-30 12:55:24,898 - WARNING - 未找到年份和封面数据
2026-01-30 12:55:24,898 - INFO - 年份和封面处理将被跳过，但音轨号仍然会处理
2026-01-30 12:55:24,899 - INFO - [INFO] 处理文件 1/575: 00 云宫迅音.ogg
2026-01-30 12:55:24,900 - INFO - OGG 文件已经有音轨号: ['0']，跳过写入
2026-01-30 12:55:24,900 - INFO - [OK] 音轨号: 0
2026-01-30 12:55:24,900 - INFO - [SKIP] 没有年份和封面数据
2026-01-30 12:55:24,900 - INFO - [INFO] 处理文件 2/575: 06 If I Ain't Got You.flac
2026-01-30 12:55:24,901 - INFO - FLAC 文件已经有音轨号: ['6']，跳过写入
2026-01-30 12:55:24,901 - INFO - [OK] 音轨号: 6
2026-01-30 12:55:24,902 - INFO - [SKIP] 没有年份和封面数据
2026-01-30 12:55:24,902 - INFO - [INFO] 处理文件 3/575: 09 With Him.flac
2026-01-30 12:55:24,903 - INFO - FLAC 文件已经有音轨号: ['9']，跳过写入
2026-01-30 12:55:24,903 - INFO - [OK] 音轨号: 9
2026-01-30 12:55:24,903 - INFO - [SKIP] 没有年份和封面数据
2026-01-30 12:55:24,903 - INFO - [INFO] 处理文件 4/575: 11 U Should Know.flac
2026-01-30 12:55:24,904 - INFO - FLAC 文件已经有音轨号: ['11']，跳过写入
2026-01-30 12:55:24,904 - INFO - [OK] 音轨号: 11
2026-01-30 12:55:24,904 - INFO - [SKIP] 没有年份和封面数据
2026-01-30 12:55:24,904 - INFO - [INFO] 处理文件 5/575: 03 Mad Sexy Cool.flac
2026-01-30 12:55:24,905 - INFO - FLAC 文件已经有音轨号: ['3']，跳过写入
2026-01-30 12:55:24,906 - INFO - [OK] 音轨号: 3
2026-01-30 12:55:24,906 - INFO - [SKIP] 没有年份和封面数据
2026-01-30 12:55:24,906 - INFO - [INFO] 处理文件 6/575: 07 Sorry For The Stupid Things (Main).flac
2026-01-30 12:55:24,907 - INFO - FLAC 文件已经有音轨号: ['7']，跳过写入
2026-01-30 12:55:24,907 - INFO - [OK] 音轨号: 7
2026-01-30 12:55:24,907 - INFO - [SKIP] 没有年份和封面数据
2026-01-30 12:55:24,907 - INFO - [INFO] 处理文件 7/575: 09 Our Love_hires.flac
2026-01-30 12:55:24,909 - INFO - FLAC 文件已经有音轨号: ['9']，跳过写入
2026-01-30 12:55:24,909 - INFO - [OK] 音轨号: 9
2026-01-30 12:55:24,909 - INFO - [SKIP] 没有年份和封面数据
2026-01-30 12:55:24,910 - INFO - [INFO] 处理文件 8/575: 01 Every Time I Close My Eyes.flac
2026-01-30 12:55:24,910 - INFO - FLAC 文件已经有音轨号: ['1']，跳过写入
2026-01-30 12:55:24,911 - INFO - [OK] 音轨号: 1
2026-01-30 12:55:24,911 - INFO - [SKIP] 没有年份和封面数据
2026-01-30 12:55:24,911 - INFO - [INFO] 处理文件 9/575: 09 I Can't Stop.flac
2026-01-30 12:55:24,912 - INFO - FLAC 文件已经有音轨号: ['9']，跳过写入
2026-01-30 12:55:24,915 - INFO - [OK] 音轨号: 9
2026-01-30 12:55:24,915 - INFO - [SKIP] 没有年份和封面数据
2026-01-30 12:55:24,916 - INFO - [INFO] 处理文件 10/575: 01 24K Magic.flac
2026-01-30 12:55:24,916 - INFO - FLAC 文件已经有音轨号: ['1']，跳过写入
2026-01-30 12:55:24,917 - INFO - [OK] 音轨号: 1
2026-01-30 12:55:24,917 - INFO - [SKIP] 没有年份和封面数据
2026-01-30 12:55:24,917 - INFO - [INFO] 处理文件 11/575: 02 Just the Way You Are.flac
2026-01-30 12:55:24,918 - INFO - FLAC 文件已经有音轨号: ['2']，跳过写入
2026-01-30 12:55:24,918 - INFO - [OK] 音轨号: 2
2026-01-30 12:55:24,918 - INFO - [SKIP] 没有年份和封面数据

